\BOOKMARK [1][-]{section.1}{\376\377\000W\000p\000r\000o\000w\000a\000d\000z\000e\000n\000i\000e}{}% 1
\BOOKMARK [2][-]{subsection.1.1}{\376\377\000W\000y\000j\000a\001\133\000n\000i\000e\000n\000i\000e\000\040\000t\000e\000r\000m\000i\000n\000\363\000w}{section.1}% 2
\BOOKMARK [1][-]{section.2}{\376\377\000P\000r\000z\000e\000d\000m\000i\000o\000t\000\040\000b\000a\000d\000a\000n\000i\000a}{}% 3
\BOOKMARK [2][-]{subsection.2.1}{\376\377\000C\000e\000l\000\040\000i\000\040\000z\000a\000k\000r\000e\000s\000\040\000b\000a\000d\000a\000n\000i\000a}{section.2}% 4
\BOOKMARK [2][-]{subsection.2.2}{\376\377\001\171\000r\000\363\000d\001\102\000o\000\040\000d\000a\000n\000y\000c\000h}{section.2}% 5
\BOOKMARK [2][-]{subsection.2.3}{\376\377\000P\000r\000z\000e\000g\000l\000a\000d\000\040\000l\000i\000t\000e\000r\000a\000t\000u\000r\000y}{section.2}% 6
\BOOKMARK [1][-]{section.3}{\376\377\000W\000s\000t\001\031\000p\000n\000a\000\040\000a\000n\000a\000l\000i\000z\000a\000\040\000d\000a\000n\000y\000c\000h}{}% 7
\BOOKMARK [2][-]{subsection.3.1}{\376\377\000S\000t\000a\000t\000y\000s\000t\000y\000k\000i\000\040\000o\000p\000i\000s\000o\000w\000e}{section.3}% 8
\BOOKMARK [2][-]{subsection.3.2}{\376\377\000B\000r\000a\000k\000i\000\040\000d\000a\000n\000y\000c\000h}{section.3}% 9
\BOOKMARK [2][-]{subsection.3.3}{\376\377\000W\000a\000r\000t\000o\001\133\000c\000i\000\040\000o\000d\000s\000t\000a\000j\001\005\000c\000e}{section.3}% 10
\BOOKMARK [2][-]{subsection.3.4}{\376\377\000S\000t\000a\000n\000d\000a\000r\000y\000z\000o\000w\000a\000n\000i\000e\000\040\000d\000a\000n\000y\000c\000h}{section.3}% 11
\BOOKMARK [2][-]{subsection.3.5}{\376\377\000U\000s\000u\000w\000a\000n\000i\000e\000\040\000z\000m\000i\000e\000n\000n\000y\000c\000h}{section.3}% 12
\BOOKMARK [3][-]{subsubsection.3.5.1}{\376\377\000Q\000a\000u\000s\000i\000\040\000S\000t\000a\001\102\000e\000\040\000z\000m\000i\000e\000n\000n\000e}{subsection.3.5}% 13
\BOOKMARK [3][-]{subsubsection.3.5.2}{\376\377\000S\000k\000o\000r\000e\000l\000o\000w\000a\000n\000e\000\040\000p\000r\000o\000s\000t\000o\000,\000\040\000l\000i\000n\000i\000o\000w\000o}{subsection.3.5}% 14
\BOOKMARK [3][-]{subsubsection.3.5.3}{\376\377\000S\000k\000o\000r\000e\000l\000o\000w\000a\000n\000e\000\040\000w\000i\000e\000l\000o\000k\000r\000o\000t\000n\000i\000e\000,\000\040\000l\000i\000n\000i\000o\000w\000o}{subsection.3.5}% 15
\BOOKMARK [2][-]{subsection.3.6}{\376\377\001\101\001\005\000c\000z\000e\000n\000i\000e\000\040\000z\000m\000i\000e\000n\000n\000y\000c\000h}{section.3}% 16
\BOOKMARK [3][-]{subsubsection.3.6.1}{\376\377\000A\000g\000r\000e\000g\000a\000c\000j\000a}{subsection.3.6}% 17
\BOOKMARK [3][-]{subsubsection.3.6.2}{\376\377\000P\000C\000A}{subsection.3.6}% 18
\BOOKMARK [1][-]{section.4}{\376\377\000A\000n\000a\000l\000i\000z\000a\000\040\000k\000o\001\104\000c\000o\000w\000e\000g\000o\000\040\000z\000b\000i\000o\000r\000u\000\040\000d\000a\000n\000y\000c\000h}{}% 19
\BOOKMARK [2][-]{subsection.4.1}{\376\377\000O\000p\000i\000s\000y\000\040\000z\000m\000i\000e\000n\000n\000y\000c\000h}{section.4}% 20
\BOOKMARK [2][-]{subsection.4.2}{\376\377\000W\000i\000z\000u\000a\000l\000i\000z\000a\000c\000j\000a}{section.4}% 21
\BOOKMARK [1][-]{section.5}{\376\377\000O\000p\000i\000s\000y\000\040\000m\000e\000t\000o\000d\000\040\000w\000r\000a\000z\000\040\000z\000e\000\040\000w\000z\000o\000r\000a\000m\000i}{}% 22
\BOOKMARK [2][-]{subsection.5.1}{\376\377\000O\000p\000i\000s\000\040\000m\000e\000t\000o\000d\000y\000\040\0001}{section.5}% 23
\BOOKMARK [2][-]{subsection.5.2}{\376\377\000O\000p\000i\000s\000\040\000m\000e\000t\000o\000d\000y\000\040\0002}{section.5}% 24
\BOOKMARK [2][-]{subsection.5.3}{\376\377\000O\000p\000i\000s\000\040\000m\000e\000t\000o\000d\000y\000\040\0003}{section.5}% 25
\BOOKMARK [2][-]{subsection.5.4}{\376\377\000O\000p\000i\000s\000\040\000m\000e\000t\000o\000d\000y\000\040\000h\000y\000b\000r\000y\000d\000o\000w\000e\000j}{section.5}% 26
\BOOKMARK [2][-]{subsection.5.5}{\376\377\000O\000p\000i\000s\000\040\000o\000c\000e\000n\000y\000\040\000m\000e\000t\000o\000d\000y\000\040\000o\000c\000e\000n\000i\000a\000n\000i\000a}{section.5}% 27
\BOOKMARK [1][-]{section.6}{\376\377\000R\000e\000z\000u\000l\000t\000a\000t\000y}{}% 28
\BOOKMARK [2][-]{subsection.6.1}{\376\377\000R\000e\000z\000u\000l\000t\000a\000t\000\040\000m\000e\000t\000o\000d\000y\000\040\0001}{section.6}% 29
\BOOKMARK [2][-]{subsection.6.2}{\376\377\000R\000e\000z\000u\000l\000t\000a\000t\000\040\000m\000e\000t\000o\000d\000y\000\040\0002}{section.6}% 30
\BOOKMARK [2][-]{subsection.6.3}{\376\377\000R\000e\000z\000u\000l\000t\000a\000t\000\040\000m\000e\000t\000o\000d\000y\000\040\0003}{section.6}% 31
\BOOKMARK [2][-]{subsection.6.4}{\376\377\000R\000e\000z\000u\000l\000t\000a\000t\000\040\000m\000e\000t\000o\000d\000y\000\040\000h\000y\000b\000r\000y\000d\000o\000w\000e\000j}{section.6}% 32
\BOOKMARK [2][-]{subsection.6.5}{\376\377\000P\000o\000r\000\363\000w\000n\000a\000n\000i\000e\000\040\000s\000k\000u\000t\000e\000c\000z\000n\000o\001\133\000c\000i\000\040\000m\000e\000t\000o\000d}{section.6}% 33
\BOOKMARK [2][-]{subsection.6.6}{\376\377\000U\001\174\000y\000c\000i\000e\000\040\000n\000a\000j\000l\000e\000p\000s\000z\000e\000g\000o\000\040\000m\000o\000d\000e\000l\000u\000\040\000n\000a\000\040\000s\000y\000n\000t\000e\000t\000y\000c\000z\000n\000y\000c\000h\000\040\000d\000a\000n\000y\000c\000h}{section.6}% 34
\BOOKMARK [1][-]{section.7}{\376\377\000P\000o\000d\000s\000u\000m\000o\000w\000a\000n\000i\000e}{}% 35
\BOOKMARK [1][-]{section.8}{\376\377\000Z\000a\001\102\001\005\000c\000z\000n\000i\000k\000i}{}% 36
